  imgui_draw.cpp
LINK : warning LNK4098: библиотека по умолчанию "LIBCMT" конфликтует с использованием других библиотек; используйте /NODEFAULTLIB:library
  Создание кода
  25 of 2069 functions ( 1.2%) were compiled, the rest were copied from previous compilation.
    0 functions were new in current compilation
    29 functions had inline decision re-evaluated but remain unchanged
  Создание кода завершено
freetype.lib(ftinit.obj) : warning LNK4099: "" PDB не найден с "freetype.lib(ftinit.obj)" или на ""; компоновка объекта выполняется как при отсутствии отладочных данных
freetype.lib(ftbase.obj) : warning LNK4099: "" PDB не найден с "freetype.lib(ftbase.obj)" или на ""; компоновка объекта выполняется как при отсутствии отладочных данных
freetype.lib(ftsynth.obj) : warning LNK4099: "" PDB не найден с "freetype.lib(ftsynth.obj)" или на ""; компоновка объекта выполняется как при отсутствии отладочных данных
freetype.lib(autofit.obj) : warning LNK4099: "" PDB не найден с "freetype.lib(autofit.obj)" или на ""; компоновка объекта выполняется как при отсутствии отладочных данных
freetype.lib(truetype.obj) : warning LNK4099: "" PDB не найден с "freetype.lib(truetype.obj)" или на ""; компоновка объекта выполняется как при отсутствии отладочных данных
freetype.lib(type1.obj) : warning LNK4099: "" PDB не найден с "freetype.lib(type1.obj)" или на ""; компоновка объекта выполняется как при отсутствии отладочных данных
freetype.lib(cff.obj) : warning LNK4099: "" PDB не найден с "freetype.lib(cff.obj)" или на ""; компоновка объекта выполняется как при отсутствии отладочных данных
freetype.lib(type1cid.obj) : warning LNK4099: "" PDB не найден с "freetype.lib(type1cid.obj)" или на ""; компоновка объекта выполняется как при отсутствии отладочных данных
freetype.lib(pfr.obj) : warning LNK4099: "" PDB не найден с "freetype.lib(pfr.obj)" или на ""; компоновка объекта выполняется как при отсутствии отладочных данных
freetype.lib(type42.obj) : warning LNK4099: "" PDB не найден с "freetype.lib(type42.obj)" или на ""; компоновка объекта выполняется как при отсутствии отладочных данных
freetype.lib(winfnt.obj) : warning LNK4099: "" PDB не найден с "freetype.lib(winfnt.obj)" или на ""; компоновка объекта выполняется как при отсутствии отладочных данных
freetype.lib(pcf.obj) : warning LNK4099: "" PDB не найден с "freetype.lib(pcf.obj)" или на ""; компоновка объекта выполняется как при отсутствии отладочных данных
freetype.lib(bdf.obj) : warning LNK4099: "" PDB не найден с "freetype.lib(bdf.obj)" или на ""; компоновка объекта выполняется как при отсутствии отладочных данных
freetype.lib(psaux.obj) : warning LNK4099: "" PDB не найден с "freetype.lib(psaux.obj)" или на ""; компоновка объекта выполняется как при отсутствии отладочных данных
freetype.lib(psmodule.obj) : warning LNK4099: "" PDB не найден с "freetype.lib(psmodule.obj)" или на ""; компоновка объекта выполняется как при отсутствии отладочных данных
freetype.lib(pshinter.obj) : warning LNK4099: "" PDB не найден с "freetype.lib(pshinter.obj)" или на ""; компоновка объекта выполняется как при отсутствии отладочных данных
freetype.lib(sfnt.obj) : warning LNK4099: "" PDB не найден с "freetype.lib(sfnt.obj)" или на ""; компоновка объекта выполняется как при отсутствии отладочных данных
freetype.lib(smooth.obj) : warning LNK4099: "" PDB не найден с "freetype.lib(smooth.obj)" или на ""; компоновка объекта выполняется как при отсутствии отладочных данных
freetype.lib(raster.obj) : warning LNK4099: "" PDB не найден с "freetype.lib(raster.obj)" или на ""; компоновка объекта выполняется как при отсутствии отладочных данных
freetype.lib(sdf.obj) : warning LNK4099: "" PDB не найден с "freetype.lib(sdf.obj)" или на ""; компоновка объекта выполняется как при отсутствии отладочных данных
freetype.lib(svg.obj) : warning LNK4099: "" PDB не найден с "freetype.lib(svg.obj)" или на ""; компоновка объекта выполняется как при отсутствии отладочных данных
freetype.lib(ftsystem.obj) : warning LNK4099: "" PDB не найден с "freetype.lib(ftsystem.obj)" или на ""; компоновка объекта выполняется как при отсутствии отладочных данных
freetype.lib(ftbitmap.obj) : warning LNK4099: "" PDB не найден с "freetype.lib(ftbitmap.obj)" или на ""; компоновка объекта выполняется как при отсутствии отладочных данных
freetype.lib(ftgzip.obj) : warning LNK4099: "" PDB не найден с "freetype.lib(ftgzip.obj)" или на ""; компоновка объекта выполняется как при отсутствии отладочных данных
freetype.lib(ftlzw.obj) : warning LNK4099: "" PDB не найден с "freetype.lib(ftlzw.obj)" или на ""; компоновка объекта выполняется как при отсутствии отладочных данных
freetype.lib(ftdebug.obj) : warning LNK4099: "" PDB не найден с "freetype.lib(ftdebug.obj)" или на ""; компоновка объекта выполняется как при отсутствии отладочных данных
  example_win32_directx11.vcxproj -> C:\Users\NOins\Desktop\imgui spoofer ()\examples\example_win32_directx11\Release\example_win32_directx11.exe
